{
  "0 debug pnpm:scope": {
    "selected": 1
  },
  "1 error pnpm": {
    "errno": 1,
    "code": "ELIFECYCLE",
    "pkgid": "myapp@1.0.0",
    "stage": "start",
    "script": "node server.js",
    "pkgname": "myapp",
    "err": {
      "name": "pnpm",
      "message": "myapp@1.0.0 start: `node server.js`\nExit status 1",
      "code": "ELIFECYCLE",
      "stack": "pnpm: myapp@1.0.0 start: `node server.js`\nExit status 1\n    at EventEmitter.<anonymous> (/usr/local/lib/node_modules/pnpm/dist/pnpm.cjs:105830:20)\n    at EventEmitter.emit (events.js:400:28)\n    at ChildProcess.<anonymous> (/usr/local/lib/node_modules/pnpm/dist/pnpm.cjs:92391:18)\n    at ChildProcess.emit (events.js:400:28)\n    at maybeClose (internal/child_process.js:1058:16)\n    at Process.ChildProcess._handle.onexit (internal/child_process.js:293:5)"
    }
  },
  "2 warn pnpm:global": " Local package.json exists, but node_modules missing, did you mean to install?"
}